<?xml version="1.0" encoding="UTF-8"?>
<testng-results skipped="0" failed="0" ignored="0" total="1" passed="1">
  <reporter-output>
  </reporter-output>
  <suite name="Default suite" duration-ms="13021" started-at="2020-01-22T12:59:15Z" finished-at="2020-01-22T12:59:28Z">
    <groups>
    </groups>
    <test name="Default test" duration-ms="13021" started-at="2020-01-22T12:59:15Z" finished-at="2020-01-22T12:59:28Z">
      <class name="classPgms.VTiger">
        <test-method status="PASS" signature="login()[pri:0, instance:classPgms.VTiger@4b9e13df]" name="login" duration-ms="12999" started-at="2020-01-22T12:59:15Z" finished-at="2020-01-22T12:59:28Z">
          <reporter-output>
          </reporter-output>
        </test-method> <!-- login -->
      </class> <!-- classPgms.VTiger -->
    </test> <!-- Default test -->
  </suite> <!-- Default suite -->
</testng-results>
